Checking mimetypes
Checking mimetypes_app
Checking mimetypes_loader
Checking mimetypes_parse
Checking mimetypes_scan
Checking mimetypes_sup
Checking nitro_cache
Checking nitro_cache_app
Checking nitro_cache_expirer
Checking nitro_cache_mutex
Checking nitro_cache_sup
Checking action_add_class
Checking action_add_option
Checking action_alert
Checking action_animate
Checking action_api
Checking action_appear
Checking action_before_postback
Checking action_buttonize
Checking action_clear_validation
Checking action_click
Checking action_comet
Checking action_confirm
Checking action_console_log
Checking action_continue
Checking action_disable
Checking action_disable_selection
Checking action_effect
Checking action_enable
Checking action_event
Checking action_fade
Checking action_function
Checking action_hide
Checking action_if_value
Checking action_jquery_effect
Checking action_js_fun
Checking action_make_readonly
Checking action_make_writable
Checking action_open_window
Checking action_redirect
Checking action_remove_class
Checking action_remove_option
Checking action_script
Checking action_set
Checking action_set_cookie
Checking action_set_multiple
Checking action_show
Checking action_slide_down
Checking action_slide_up
Checking action_toggle
Checking action_toggle_mobile_panel
Checking action_toggle_option
Checking action_update
Checking action_validate
Checking action_validation_error
Checking action_wire
Checking element_button
Checking element_checkbox
Checking element_date_dropdown
Checking element_datepicker_textbox
Checking element_dropdown
Checking element_hidden
Checking element_inplace
Checking element_inplace_textarea
Checking element_inplace_textbox
Checking element_label
Checking element_password
Checking element_radio
Checking element_radiogroup
Checking element_range
Checking element_restful_form
Checking element_restful_reset
Checking element_restful_submit
Checking element_restful_upload
Checking element_textarea
Checking element_textbox
Checking element_textbox_autocomplete
Checking element_upload
Checking element_wizard
Checking element_br
Checking element_em
Checking element_email_link
Checking element_hr
Checking element_image
Checking element_link
Checking element_list
Checking element_listitem
Checking element_literal
Checking element_p
Checking element_pre
Checking element_span
Checking element_strong
Checking element_value
Checking element_article
Checking element_aside
Checking element_html5_footer
Checking element_html5_header
Checking element_main
Checking element_mark
Checking element_nav
Checking element_section
Checking element_time
Checking element_fieldset
Checking element_grid
Checking element_h
Checking element_lightbox
Checking element_panel
Checking element_placeholder
Checking element_template
Checking element_mobile_collapsible
Checking element_mobile_collapsible_set
Checking element_mobile_grid
Checking element_mobile_grid_block
Checking element_mobile_list
Checking element_mobile_list_divider
Checking element_mobile_listitem
Checking element_mobile_panel
Checking element_mobile_toggle
Checking element_bind
Checking element_delay_body
Checking element_draggable
Checking element_droppable
Checking element_file
Checking element_flash
Checking element_function
Checking element_google_chart
Checking element_gravatar
Checking element_iframe
Checking element_mermaid
Checking element_progress_bar
Checking element_qr
Checking element_recaptcha
Checking element_sortblock
Checking element_sortitem
Checking element_sparkline
Checking element_spinner
Checking element_sync_panel
Checking element_video
Checking element_youtube
Checking element_singlerow
Checking element_table
Checking element_tablecell
Checking element_tableheader
Checking element_tablerow
Checking cache_handler
Checking default_cache_handler
Checking config_handler
Checking default_config_handler
Checking crash_handler
Checking debug_crash_handler
Checking default_crash_handler
Checking default_identity_handler
Checking identity_handler
Checking default_log_handler
Checking log_handler
Checking default_postback_handler
Checking postback_handler
Checking gproc_registry_handler
Checking nprocreg_registry_handler
Checking process_registry_handler
Checking default_query_handler
Checking query_handler
Checking default_role_handler
Checking role_handler
Checking dynamic_route_handler
Checking file_not_found_page
Checking named_route_handler
Checking nitrogen_rest
Checking nitrogen_smart_extensions
Checking passthrough_route_handler
Checking route_handler
Checking default_security_handler
Checking http_basic_auth_security_handler
Checking security_handler
Checking session_handler
Checking simple_session_handler
Checking default_state_handler
Checking state_handler
Checking nitro_mochijson2
Checking nitro_mochinum
Checking wf_action_queue
Checking wf_context
Checking wf_convert
Checking wf_cookies
Checking wf_event
Checking wf_handler
Checking wf_pandoc
Checking wf_pickle
Checking wf_render_actions
Checking wf_render_elements
Checking wf_security_policy
Checking wf_tags
Checking wf_test
Checking wf_test_srv
Checking wf_utils
Checking wf_validation
Checking nitrogen
Checking nitrogen_dev
Checking validator_confirm_password
Checking validator_confirm_same
Checking validator_custom
Checking validator_is_email
Checking validator_is_integer
Checking validator_is_number
Checking validator_is_required
Checking validator_js_custom
Checking validator_max_length
Checking validator_min_length
Checking wf
Checking wf_core
Checking nprocreg
Checking nprocreg_app
Checking nprocreg_sup
Checking cowboy_request_server
Checking cowboy_simple_bridge
Checking cowboy_simple_bridge_anchor
Checking cowboy_simple_bridge_sup
Checking inets_simple_bridge
Checking inets_simple_bridge_anchor
Checking inets_simple_bridge_sup
Checking mochiweb_simple_bridge
Checking mochiweb_simple_bridge_anchor
Checking mochiweb_simple_bridge_sup
Checking sb_file_upload_handler
Checking sb_uploaded_file
Checking sbw
Checking simple_bridge
Checking simple_bridge_app
Checking simple_bridge_handler
Checking simple_bridge_handler_sample
Checking simple_bridge_multipart
Checking simple_bridge_util
Checking simple_bridge_websocket
Checking webmachine_simple_bridge
Checking webmachine_simple_bridge_anchor
Checking webmachine_simple_bridge_static
Checking webmachine_simple_bridge_sup
Checking yaws_simple_bridge
Checking yaws_simple_bridge_anchor
Checking yaws_simple_bridge_sup
Checking sync
Checking sync_notify
Checking sync_options
Checking sync_scanner
Checking sync_utils
Checking index
/home/m3rl1n/nb/site/src/index.erl
Checking mobile
Checking nitrogen_app
Checking nitrogen_main_handler
Checking nitrogen_sup
Checking wf_security_policy
Checking element_placeholder
Checking action_event
Checking simple_session_handler
Checking nitrogen_rest
Checking element_mobile_panel
Checking sb_uploaded_file
Checking action_make_writable
Checking action_before_postback
Checking wf_action_queue
Checking yaws_simple_bridge
Checking element_restful_form
Checking element_date_dropdown
Checking element_mobile_listitem
Checking element_wizard
Checking element_iframe
Checking wf_tags
Checking element_radio
Checking action_wire
Checking action_remove_option
Checking element_link
Checking log_handler
Checking element_video
Checking element_hidden
Checking element_restful_upload
Checking file_not_found_page
Checking query_handler
Checking webmachine_simple_bridge_anchor
Checking element_mobile_grid_block
Checking nitro_cache
Checking validator_custom
Checking identity_handler
Checking element_mobile_list
Checking element_list
Checking element_textbox_autocomplete
Checking element_restful_reset
Checking wf_convert
Checking role_handler
Checking action_toggle
Checking element_lightbox
Checking element_qr
Checking element_panel
Checking element_range
Checking element_section
Checking action_remove_class
Checking action_add_option
Checking action_jquery_effect
Checking postback_handler
Checking element_value
Checking element_fieldset
Checking element_singlerow
Checking nitro_cache_expirer
Checking action_make_readonly
Checking element_textbox
Checking validator_js_custom
Checking element_draggable
Checking element_sparkline
Checking wf_utils
Checking element_function
Checking element_literal
Checking action_fade
Checking wf_core
Checking mochiweb_simple_bridge
Checking element_inplace_textbox
Checking element_inplace_textarea
Checking element_email_link
Checking wf_context
Checking action_click
Checking named_route_handler
Checking wf_pickle
Checking validator_confirm_password
Checking simple_bridge_util
Checking default_config_handler
Checking validator_confirm_same
Checking action_alert
Checking element_h
Checking element_sortblock
Checking action_confirm
Checking action_animate
Checking webmachine_simple_bridge
Checking index
Checking element_mark
Checking action_slide_down
Checking element_dropdown
Checking element_mobile_list_divider
Checking element_datepicker_textbox
Checking action_effect
Checking action_disable
Checking element_mobile_toggle
Checking default_query_handler
Checking sbw
Checking action_clear_validation
Checking action_appear
Checking action_comet
Checking element_youtube
Checking element_label
Checking element_hr
Checking simple_bridge
Checking action_enable
Checking simple_bridge_websocket
Checking validator_max_length
Checking simple_bridge_multipart
Checking element_radiogroup
Checking action_console_log
Checking action_buttonize
Checking element_tableheader
Checking passthrough_route_handler
Checking wf_validation
Checking element_delay_body
Checking element_table
Checking element_password
Checking action_set_cookie
Checking element_upload
Checking element_sortitem
Checking default_log_handler
Checking action_open_window
Checking wf_render_elements
Checking element_article
Checking action_api
Checking action_validate
Checking action_continue
Checking mochiweb_simple_bridge_anchor
Checking validator_is_integer
Checking nprocreg
Checking action_slide_up
Checking element_template
Checking action_update
Checking element_progress_bar
Checking wf_render_actions
Checking element_textarea
Checking action_disable_selection
Checking action_toggle_option
Checking http_basic_auth_security_handler
Checking action_set
Checking element_restful_submit
Checking action_script
Checking mobile
Checking wf_handler
Checking element_mobile_grid
Checking default_crash_handler
Checking gproc_registry_handler
Checking debug_crash_handler
Checking element_mermaid
Checking cache_handler
Checking element_main
Checking element_button
Checking process_registry_handler
Checking action_js_fun
Checking inets_simple_bridge
Checking element_image
Checking action_set_multiple
Checking action_add_class
Checking element_listitem
Checking default_postback_handler
Checking element_nav
Checking element_inplace
Checking element_mobile_collapsible
Checking element_p
Checking cowboy_simple_bridge_sup
Checking wf_cookies
Checking security_handler
Checking element_aside
Checking default_state_handler
Checking simple_bridge_handler
Checking action_hide
Checking action_show
Checking action_toggle_mobile_panel
Checking wf_test_srv
Checking validator_is_number
Checking element_strong
Checking element_span
Checking session_handler
Checking element_grid
Checking config_handler
Checking element_droppable
Checking element_google_chart
Checking element_sync_panel
Checking route_handler
Checking nprocreg_registry_handler
Checking element_html5_header
Checking validator_is_required
Checking wf_test
Checking cowboy_simple_bridge
Checking validator_is_email
Checking validator_min_length
Checking action_redirect
Checking element_em
Checking element_html5_footer
Checking dynamic_route_handler
Checking action_function
Checking element_br
Checking action_validation_error
Checking wf_event
Checking state_handler
Checking element_bind
Checking element_spinner
Checking element_file
Checking crash_handler
Checking element_pre
Checking element_tablecell
Checking wf_pandoc
Checking element_time
Checking wf
Checking element_flash
Checking default_security_handler
Checking action_if_value
Checking element_checkbox
Checking default_cache_handler
Checking element_mobile_collapsible_set
Checking webmachine_simple_bridge_static
/home/m3rl1n/nb/lib/simple_bridge/src/webmachine_bridge_modules/webmachine_simple_bridge_static.erl
Checking cowboy_request_server
Checking element_recaptcha
Checking element_tablerow
Checking element_gravatar
Checking rekt
Checking visitors_admin
/home/m3rl1n/nb/site/src/visitors_admin.erl
Checking visitors_db
/home/m3rl1n/nb/site/src/visitors_db.erl
/home/m3rl1n/nb/site/src/index.erl
Checking visitors_admin
/home/m3rl1n/nb/site/src/visitors_admin.erl
Checking visitors_db
/home/m3rl1n/nb/site/src/visitors_db.erl
Checking visitors_admin
/home/m3rl1n/nb/site/src/visitors_admin.erl
Checking visitors_db
/home/m3rl1n/nb/site/src/visitors_db.erl
Checking visitors_admin
/home/m3rl1n/nb/site/src/visitors_admin.erl
Checking visitors_db
/home/m3rl1n/nb/site/src/visitors_db.erl
/home/m3rl1n/nb/site/src/index.erl
/home/m3rl1n/nb/site/src/index.erl
/home/m3rl1n/nb/site/src/index.erl
/home/m3rl1n/nb/site/src/index.erl
/home/m3rl1n/nb/site/src/index.erl
/home/m3rl1n/nb/site/src/index.erl
/home/m3rl1n/nb/site/src/index.erl
/home/m3rl1n/nb/site/src/index.erl
/home/m3rl1n/nb/site/src/index.erl
